<?xml version="1.0" encoding="UTF-8"?>
<robot generator="Robot 6.1.1 (Python 3.11.3 on darwin)" generated="20231108 17:56:45.483" rpa="false" schemaversion="4">
<suite id="s1" name="BasicSearch" source="/Users/trangntt/Documents/WorkPlace/Automation/robotframework/BasicSearch.robot">
<test id="s1-t1" name="Verify basic search functionality for eBay" line="6">
<kw name="Start TestCase">
<kw name="Open Browser" library="SeleniumLibrary">
<arg>https://www.ebay.com/</arg>
<arg>chrome</arg>
<doc>Opens a new browser instance to the optional ``url``.</doc>
<msg timestamp="20231108 17:56:45.555" level="INFO">Opening browser 'chrome' to base url 'https://www.ebay.com/'.</msg>
<status status="PASS" starttime="20231108 17:56:45.555" endtime="20231108 17:56:49.223"/>
</kw>
<kw name="Maximize Browser Window" library="SeleniumLibrary">
<doc>Maximizes current browser window.</doc>
<status status="PASS" starttime="20231108 17:56:49.223" endtime="20231108 17:56:49.826"/>
</kw>
<status status="PASS" starttime="20231108 17:56:45.555" endtime="20231108 17:56:49.826"/>
</kw>
<kw name="Verify Search Results">
<kw name="Input Text" library="SeleniumLibrary">
<arg>xpath://input[@id="gh-ac"]</arg>
<arg>mobile</arg>
<doc>Types the given ``text`` into the text field identified by ``locator``.</doc>
<msg timestamp="20231108 17:56:49.827" level="INFO">Typing text 'mobile' into text field 'xpath://input[@id="gh-ac"]'.</msg>
<status status="PASS" starttime="20231108 17:56:49.826" endtime="20231108 17:56:49.998"/>
</kw>
<kw name="Press Keys" library="SeleniumLibrary">
<arg>xpath://input[@id="gh-btn"]</arg>
<arg>RETURN</arg>
<doc>Simulates the user pressing key(s) to an element or on the active browser.</doc>
<msg timestamp="20231108 17:56:49.999" level="INFO">Sending key(s) ('RETURN',) to xpath://input[@id="gh-btn"] element.</msg>
<msg timestamp="20231108 17:56:53.818" level="INFO">Pressing special key RETURN to element.</msg>
<msg timestamp="20231108 17:56:53.818" level="INFO">Releasing special key RETURN.</msg>
<status status="PASS" starttime="20231108 17:56:49.998" endtime="20231108 17:56:53.903"/>
</kw>
<status status="PASS" starttime="20231108 17:56:49.826" endtime="20231108 17:56:53.903"/>
</kw>
<kw name="Filter results by condition">
<kw name="Mouse Over" library="SeleniumLibrary">
<arg>xpath://div[@class="srp-controls__resize-display"]/span[1]</arg>
<doc>Simulates hovering the mouse over the element ``locator``.</doc>
<msg timestamp="20231108 17:56:53.904" level="INFO">Simulating Mouse Over on element 'xpath://div[@class="srp-controls__resize-display"]/span[1]'.</msg>
<status status="PASS" starttime="20231108 17:56:53.904" endtime="20231108 17:56:54.179"/>
</kw>
<kw name="Sleep" library="BuiltIn">
<arg>3s</arg>
<doc>Pauses the test executed for the given time.</doc>
<msg timestamp="20231108 17:56:57.181" level="INFO">Slept 3 seconds</msg>
<status status="PASS" starttime="20231108 17:56:54.179" endtime="20231108 17:56:57.181"/>
</kw>
<kw name="Mouse Down" library="SeleniumLibrary">
<arg>class:faux-link follow-ebay__trigger</arg>
<doc>Simulates pressing the left mouse button on the element ``locator``.</doc>
<msg timestamp="20231108 17:56:57.183" level="INFO">Simulating Mouse Down on element 'class:faux-link follow-ebay__trigger'.</msg>
<msg timestamp="20231108 17:56:57.355" level="INFO" html="true">&lt;/td&gt;&lt;/tr&gt;&lt;tr&gt;&lt;td colspan="3"&gt;&lt;a href="selenium-screenshot-1.png"&gt;&lt;img src="selenium-screenshot-1.png" width="800px"&gt;&lt;/a&gt;</msg>
<msg timestamp="20231108 17:56:57.355" level="FAIL">Element with locator 'class:faux-link follow-ebay__trigger' not found.</msg>
<status status="FAIL" starttime="20231108 17:56:57.182" endtime="20231108 17:56:57.357"/>
</kw>
<kw name="Click Element" library="SeleniumLibrary">
<arg>class:faux-link follow-ebay__trigger</arg>
<doc>Click the element identified by ``locator``.</doc>
<status status="NOT RUN" starttime="20231108 17:56:57.357" endtime="20231108 17:56:57.357"/>
</kw>
<status status="FAIL" starttime="20231108 17:56:53.903" endtime="20231108 17:56:57.357"/>
</kw>
<kw name="Finish TestCase">
<status status="NOT RUN" starttime="20231108 17:56:57.357" endtime="20231108 17:56:57.357"/>
</kw>
<doc>This test case verifies the basic search</doc>
<tag>Functional</tag>
<status status="FAIL" starttime="20231108 17:56:45.555" endtime="20231108 17:56:57.357">Element with locator 'class:faux-link follow-ebay__trigger' not found.</status>
</test>
<doc>Move User Defined Keywords to Resource File</doc>
<status status="FAIL" starttime="20231108 17:56:45.484" endtime="20231108 17:56:57.358"/>
</suite>
<statistics>
<total>
<stat pass="0" fail="1" skip="0">All Tests</stat>
</total>
<tag>
<stat pass="0" fail="1" skip="0">Functional</stat>
</tag>
<suite>
<stat pass="0" fail="1" skip="0" id="s1" name="BasicSearch">BasicSearch</stat>
</suite>
</statistics>
<errors>
</errors>
</robot>
